2024-08-31T16:31:57.385+05:30  INFO 7308 --- [prod-ready-feature] [main] c.w.p.p.ProdReadyFeatureApplicationTests : Starting ProdReadyFeatureApplicationTests using Java 22.0.1 with PID 7308 (started by Lenovo in C:\Users\Lenovo\Downloads\prod-ready-feature\prod-ready-feature)
2024-08-31T16:31:57.386+05:30  INFO 7308 --- [prod-ready-feature] [main] c.w.p.p.ProdReadyFeatureApplicationTests : No active profile set, falling back to 1 default profile: "default"
2024-08-31T16:31:58.208+05:30  INFO 7308 --- [prod-ready-feature] [main] .s.d.r.c.RepositoryConfigurationDelegate : Bootstrapping Spring Data JPA repositories in DEFAULT mode.
2024-08-31T16:31:58.276+05:30  INFO 7308 --- [prod-ready-feature] [main] .s.d.r.c.RepositoryConfigurationDelegate : Finished Spring Data repository scanning in 58 ms. Found 1 JPA repository interface.
2024-08-31T16:31:58.894+05:30  INFO 7308 --- [prod-ready-feature] [main] o.hibernate.jpa.internal.util.LogHelper  : HHH000204: Processing PersistenceUnitInfo [name: default]
2024-08-31T16:31:58.969+05:30  INFO 7308 --- [prod-ready-feature] [main] org.hibernate.Version                    : HHH000412: Hibernate ORM core version 6.5.2.Final
2024-08-31T16:31:59.016+05:30  INFO 7308 --- [prod-ready-feature] [main] o.h.c.internal.RegionFactoryInitiator    : HHH000026: Second-level cache disabled
2024-08-31T16:31:59.168+05:30  INFO 7308 --- [prod-ready-feature] [main] o.h.e.boot.internal.EnversServiceImpl    : Envers integration enabled? : true
2024-08-31T16:31:59.601+05:30  INFO 7308 --- [prod-ready-feature] [main] o.s.o.j.p.SpringPersistenceUnitInfo      : No LoadTimeWeaver setup: ignoring JPA class transformer
2024-08-31T16:31:59.645+05:30  INFO 7308 --- [prod-ready-feature] [main] com.zaxxer.hikari.HikariDataSource       : HikariPool-1 - Starting...
2024-08-31T16:32:00.267+05:30  INFO 7308 --- [prod-ready-feature] [main] com.zaxxer.hikari.pool.HikariPool        : HikariPool-1 - Added connection com.mysql.cj.jdbc.ConnectionImpl@5b3755f4
2024-08-31T16:32:00.270+05:30  INFO 7308 --- [prod-ready-feature] [main] com.zaxxer.hikari.HikariDataSource       : HikariPool-1 - Start completed.
2024-08-31T16:32:00.750+05:30  INFO 7308 --- [prod-ready-feature] [main] o.h.e.c.i.m.AuditMetadataGenerator       : Adding properties for entity: com.week4.prod_ready_feature.prod_ready_feature.entities.PostEntity
2024-08-31T16:32:01.602+05:30 ERROR 7308 --- [prod-ready-feature] [main] o.h.metamodel.internal.MetadataContext   : HHH015007: Illegal argument on static metamodel field injection : org.hibernate.envers.DefaultRevisionEntity_#class_; expected type :  org.hibernate.metamodel.model.domain.internal.EntityTypeImpl; encountered type : jakarta.persistence.metamodel.MappedSuperclassType
2024-08-31T16:32:01.609+05:30  INFO 7308 --- [prod-ready-feature] [main] o.h.e.t.j.p.i.JtaPlatformInitiator       : HHH000489: No JTA platform available (set 'hibernate.transaction.jta.platform' to enable JTA platform integration)
2024-08-31T16:32:01.868+05:30  INFO 7308 --- [prod-ready-feature] [main] j.LocalContainerEntityManagerFactoryBean : Initialized JPA EntityManagerFactory for persistence unit 'default'
2024-08-31T16:32:02.910+05:30  WARN 7308 --- [prod-ready-feature] [main] JpaBaseConfiguration$JpaWebConfiguration : spring.jpa.open-in-view is enabled by default. Therefore, database queries may be performed during view rendering. Explicitly configure spring.jpa.open-in-view to disable this warning
2024-08-31T16:32:03.652+05:30  INFO 7308 --- [prod-ready-feature] [main] c.w.p.p.ProdReadyFeatureApplicationTests : Started ProdReadyFeatureApplicationTests in 6.686 seconds (process running for 7.878)
2024-08-31T16:32:04.573+05:30 TRACE 7308 --- [prod-ready-feature] [main] c.w.p.p.clients.Impl.EmployeeClientImpl  : Creating a new employee
2024-08-31T16:32:04.574+05:30  INFO 7308 --- [prod-ready-feature] [main] c.w.p.p.clients.Impl.EmployeeClientImpl  : attempting to create new employee
2024-08-31T16:32:05.085+05:30 DEBUG 7308 --- [prod-ready-feature] [main] c.w.p.p.clients.Impl.EmployeeClientImpl  : Employee created
2024-08-31T16:32:05.085+05:30 TRACE 7308 --- [prod-ready-feature] [main] c.w.p.p.clients.Impl.EmployeeClientImpl  : Successfully created the employee: EmployeeDTO(id=20, name=Sanu, email=sanu@gmail.com, age=20, role=USER, salary=5000.0, dateOfJoining=2020-12-10, isActive=true)
2024-08-31T16:32:05.112+05:30 TRACE 7308 --- [prod-ready-feature] [main] c.w.p.p.clients.Impl.EmployeeClientImpl  : Trying to retrieve the id of employee
2024-08-31T16:32:05.140+05:30 DEBUG 7308 --- [prod-ready-feature] [main] c.w.p.p.clients.Impl.EmployeeClientImpl  : Successfully retrieved the id of employee 
2024-08-31T16:32:05.141+05:30 TRACE 7308 --- [prod-ready-feature] [main] c.w.p.p.clients.Impl.EmployeeClientImpl  : Retrieved Id employee in geEmployeeById: 1
2024-08-31T16:32:05.156+05:30 TRACE 7308 --- [prod-ready-feature] [main] c.w.p.p.clients.Impl.EmployeeClientImpl  : Trying to retrieve list of all employee
2024-08-31T16:32:05.278+05:30 DEBUG 7308 --- [prod-ready-feature] [main] c.w.p.p.clients.Impl.EmployeeClientImpl  : Successfully retrieved all employee in getAllEmployee
2024-08-31T16:32:05.278+05:30 TRACE 7308 --- [prod-ready-feature] [main] c.w.p.p.clients.Impl.EmployeeClientImpl  : Retrieved All employee in getAllEmployee: [EmployeeDTO(id=1, name=sanu, email=sanu@gmail.com, age=20, role=sales, salary=20000.0, dateOfJoining=null, isActive=true), EmployeeDTO(id=2, name=kanu, email=kanu@gmail.com, age=21, role=finance, salary=10000.0, dateOfJoining=null, isActive=true), EmployeeDTO(id=3, name=Sanu, email=sanu@gmail.com, age=20, role=USER, salary=5000.0, dateOfJoining=2020-12-10, isActive=true), EmployeeDTO(id=4, name=Sanu, email=sanu@gmail.com, age=20, role=USER, salary=5000.0, dateOfJoining=2020-12-10, isActive=true), EmployeeDTO(id=5, name=Sanu, email=sanu@gmail.com, age=20, role=USER, salary=5000.0, dateOfJoining=2020-12-10, isActive=true), EmployeeDTO(id=6, name=Sanu, email=sanu@gmail.com, age=20, role=USER, salary=5000.0, dateOfJoining=2020-12-10, isActive=true), EmployeeDTO(id=7, name=Sanu, email=sanu@gmail.com, age=20, role=USER, salary=5000.0, dateOfJoining=2020-12-10, isActive=true), EmployeeDTO(id=8, name=Sanu, email=sanu@gmail.com, age=20, role=USER, salary=5000.0, dateOfJoining=2020-12-10, isActive=true), EmployeeDTO(id=9, name=Sanu, email=sanu@gmail.com, age=20, role=USER, salary=5000.0, dateOfJoining=2020-12-10, isActive=true), EmployeeDTO(id=10, name=Sanu, email=sanu@gmail.com, age=20, role=USER, salary=5000.0, dateOfJoining=2020-12-10, isActive=true), EmployeeDTO(id=11, name=Sanu, email=sanu@gmail.com, age=20, role=USER, salary=5000.0, dateOfJoining=2020-12-10, isActive=true), EmployeeDTO(id=12, name=Sanu, email=sanu@gmail.com, age=20, role=USER, salary=5000.0, dateOfJoining=2020-12-10, isActive=true), EmployeeDTO(id=13, name=Sanu, email=sanu@gmail.com, age=20, role=USER, salary=5000.0, dateOfJoining=2020-12-10, isActive=true), EmployeeDTO(id=14, name=Sanu, email=sanu@gmail.com, age=20, role=USER, salary=5000.0, dateOfJoining=2020-12-10, isActive=true), EmployeeDTO(id=15, name=Sanu, email=sanu@gmail.com, age=20, role=USER, salary=5000.0, dateOfJoining=2020-12-10, isActive=true), EmployeeDTO(id=16, name=Sanu, email=sanu@gmail.com, age=20, role=USER, salary=5000.0, dateOfJoining=2020-12-10, isActive=true), EmployeeDTO(id=17, name=Sanu, email=sanu@gmail.com, age=20, role=USER, salary=5000.0, dateOfJoining=2020-12-10, isActive=true), EmployeeDTO(id=18, name=Sanu, email=sanu@gmail.com, age=20, role=USER, salary=5000.0, dateOfJoining=2020-12-10, isActive=true), EmployeeDTO(id=19, name=Sanu, email=sanu@gmail.com, age=20, role=USER, salary=5000.0, dateOfJoining=2020-12-10, isActive=true), EmployeeDTO(id=20, name=Sanu, email=sanu@gmail.com, age=20, role=USER, salary=5000.0, dateOfJoining=2020-12-10, isActive=true)]
2024-08-31T16:32:05.297+05:30  INFO 7308 --- [prod-ready-feature] [SpringApplicationShutdownHook] j.LocalContainerEntityManagerFactoryBean : Closing JPA EntityManagerFactory for persistence unit 'default'
2024-08-31T16:32:05.301+05:30  INFO 7308 --- [prod-ready-feature] [SpringApplicationShutdownHook] com.zaxxer.hikari.HikariDataSource       : HikariPool-1 - Shutdown initiated...
2024-08-31T16:32:05.315+05:30  INFO 7308 --- [prod-ready-feature] [SpringApplicationShutdownHook] com.zaxxer.hikari.HikariDataSource       : HikariPool-1 - Shutdown completed.
